2013-03-25 23:29:17,582 0      [      Worker-16] WARN  UserSuppliedConnectionProvider  - No connection properties specified - the user must supply JDBC connections
2013-03-25 23:30:16,653 59071  [      Worker-15] WARN  UserSuppliedConnectionProvider  - No connection properties specified - the user must supply JDBC connections
2013-03-25 23:30:16,709 59127  [      Worker-15] WARN  UserSuppliedConnectionProvider  - No connection properties specified - the user must supply JDBC connections
2013-03-25 23:40:26,939 669357 [      Worker-18] WARN  pl.SessionFactoryObjectFactory  - Could not bind factory to JNDI
javax.naming.NoInitialContextException: Need to specify class name in environment or system property, or as an applet parameter, or in an application resource file:  java.naming.factory.initial
	at javax.naming.spi.NamingManager.getInitialContext(Unknown Source)
	at javax.naming.InitialContext.getDefaultInitCtx(Unknown Source)
	at javax.naming.InitialContext.getURLOrDefaultInitCtx(Unknown Source)
	at javax.naming.InitialContext.getNameParser(Unknown Source)
	at org.hibernate.util.NamingHelper.bind(NamingHelper.java:75)
	at org.hibernate.impl.SessionFactoryObjectFactory.addInstance(SessionFactoryObjectFactory.java:113)
	at org.hibernate.impl.SessionFactoryImpl.<init>(SessionFactoryImpl.java:378)
	at org.hibernate.cfg.Configuration.buildSessionFactory(Configuration.java:1385)
	at org.hibernate.console.ConsoleConfiguration$5.execute(ConsoleConfiguration.java:278)
	at org.hibernate.console.execution.DefaultExecutionContext.execute(DefaultExecutionContext.java:63)
	at org.hibernate.console.ConsoleConfiguration.execute(ConsoleConfiguration.java:107)
	at org.hibernate.console.ConsoleConfiguration.buildSessionFactory(ConsoleConfiguration.java:273)
	at org.hibernate.eclipse.console.workbench.LazySessionFactoryAdapter.getChildren(LazySessionFactoryAdapter.java:43)
	at org.hibernate.eclipse.console.workbench.BasicWorkbenchAdapter.getChildren(BasicWorkbenchAdapter.java:100)
	at org.hibernate.eclipse.console.workbench.BasicWorkbenchAdapter.fetchDeferredChildren(BasicWorkbenchAdapter.java:106)
	at org.eclipse.ui.progress.DeferredTreeContentManager$1.run(DeferredTreeContentManager.java:235)
	at org.eclipse.core.internal.jobs.Worker.run(Worker.java:54)
2013-03-25 23:40:26,953 669371 [      Worker-18] WARN  pl.SessionFactoryObjectFactory  - Could not bind factory to JNDI
javax.naming.NoInitialContextException: Need to specify class name in environment or system property, or as an applet parameter, or in an application resource file:  java.naming.factory.initial
	at javax.naming.spi.NamingManager.getInitialContext(Unknown Source)
	at javax.naming.InitialContext.getDefaultInitCtx(Unknown Source)
	at javax.naming.InitialContext.getURLOrDefaultInitCtx(Unknown Source)
	at javax.naming.InitialContext.getNameParser(Unknown Source)
	at org.hibernate.util.NamingHelper.bind(NamingHelper.java:75)
	at org.hibernate.impl.SessionFactoryObjectFactory.addInstance(SessionFactoryObjectFactory.java:113)
	at org.hibernate.impl.SessionFactoryImpl.<init>(SessionFactoryImpl.java:378)
	at org.hibernate.cfg.Configuration.buildSessionFactory(Configuration.java:1385)
	at org.jboss.tools.hibernate3_5.HibernateExtension3_5$3.execute(HibernateExtension3_5.java:112)
	at org.hibernate.console.execution.DefaultExecutionContext.execute(DefaultExecutionContext.java:63)
	at org.jboss.tools.hibernate3_5.HibernateExtension3_5.execute(HibernateExtension3_5.java:199)
	at org.jboss.tools.hibernate3_5.HibernateExtension3_5.buildSessionFactory(HibernateExtension3_5.java:107)
	at org.hibernate.console.ConsoleConfiguration.buildSessionFactory(ConsoleConfiguration.java:283)
	at org.hibernate.eclipse.console.workbench.LazySessionFactoryAdapter.getChildren(LazySessionFactoryAdapter.java:43)
	at org.hibernate.eclipse.console.workbench.BasicWorkbenchAdapter.getChildren(BasicWorkbenchAdapter.java:100)
	at org.hibernate.eclipse.console.workbench.BasicWorkbenchAdapter.fetchDeferredChildren(BasicWorkbenchAdapter.java:106)
	at org.eclipse.ui.progress.DeferredTreeContentManager$1.run(DeferredTreeContentManager.java:235)
	at org.eclipse.core.internal.jobs.Worker.run(Worker.java:54)
2013-03-25 23:51:26,349 1328767 [           main] WARN  pl.SessionFactoryObjectFactory  - Could not unbind factory from JNDI
javax.naming.NoInitialContextException: Need to specify class name in environment or system property, or as an applet parameter, or in an application resource file:  java.naming.factory.initial
	at javax.naming.spi.NamingManager.getInitialContext(Unknown Source)
	at javax.naming.InitialContext.getDefaultInitCtx(Unknown Source)
	at javax.naming.InitialContext.getURLOrDefaultInitCtx(Unknown Source)
	at javax.naming.InitialContext.unbind(Unknown Source)
	at org.hibernate.impl.SessionFactoryObjectFactory.removeInstance(SessionFactoryObjectFactory.java:139)
	at org.hibernate.impl.SessionFactoryImpl.close(SessionFactoryImpl.java:981)
	at org.jboss.tools.hibernate3_5.HibernateExtension3_5.closeSessionFactory(HibernateExtension3_5.java:122)
	at org.jboss.tools.hibernate3_5.HibernateExtension3_5.reset(HibernateExtension3_5.java:214)
	at org.hibernate.console.ConsoleConfiguration.reset(ConsoleConfiguration.java:123)
	at org.hibernate.eclipse.console.views.ReloadConfigurationAction.doRun(ReloadConfigurationAction.java:34)
	at org.hibernate.eclipse.console.actions.ConsoleConfigurationBasedAction.run(ConsoleConfigurationBasedAction.java:65)
	at org.eclipse.ui.actions.BaseSelectionListenerAction.runWithEvent(BaseSelectionListenerAction.java:168)
	at org.eclipse.jface.action.ActionContributionItem.handleWidgetSelection(ActionContributionItem.java:584)
	at org.eclipse.jface.action.ActionContributionItem.access$2(ActionContributionItem.java:501)
	at org.eclipse.jface.action.ActionContributionItem$6.handleEvent(ActionContributionItem.java:452)
	at org.eclipse.swt.widgets.EventTable.sendEvent(EventTable.java:84)
	at org.eclipse.swt.widgets.Widget.sendEvent(Widget.java:1053)
	at org.eclipse.swt.widgets.Display.runDeferredEvents(Display.java:4165)
	at org.eclipse.swt.widgets.Display.readAndDispatch(Display.java:3754)
	at org.eclipse.ui.internal.Workbench.runEventLoop(Workbench.java:2701)
	at org.eclipse.ui.internal.Workbench.runUI(Workbench.java:2665)
	at org.eclipse.ui.internal.Workbench.access$4(Workbench.java:2499)
	at org.eclipse.ui.internal.Workbench$7.run(Workbench.java:679)
	at org.eclipse.core.databinding.observable.Realm.runWithDefault(Realm.java:332)
	at org.eclipse.ui.internal.Workbench.createAndRunWorkbench(Workbench.java:668)
	at org.eclipse.ui.PlatformUI.createAndRunWorkbench(PlatformUI.java:149)
	at org.eclipse.ui.internal.ide.application.IDEApplication.start(IDEApplication.java:123)
	at org.eclipse.equinox.internal.app.EclipseAppHandle.run(EclipseAppHandle.java:196)
	at org.eclipse.core.runtime.internal.adaptor.EclipseAppLauncher.runApplication(EclipseAppLauncher.java:110)
	at org.eclipse.core.runtime.internal.adaptor.EclipseAppLauncher.start(EclipseAppLauncher.java:79)
	at org.eclipse.core.runtime.adaptor.EclipseStarter.run(EclipseStarter.java:344)
	at org.eclipse.core.runtime.adaptor.EclipseStarter.run(EclipseStarter.java:179)
	at sun.reflect.NativeMethodAccessorImpl.invoke0(Native Method)
	at sun.reflect.NativeMethodAccessorImpl.invoke(Unknown Source)
	at sun.reflect.DelegatingMethodAccessorImpl.invoke(Unknown Source)
	at java.lang.reflect.Method.invoke(Unknown Source)
	at org.eclipse.equinox.launcher.Main.invokeFramework(Main.java:622)
	at org.eclipse.equinox.launcher.Main.basicRun(Main.java:577)
	at org.eclipse.equinox.launcher.Main.run(Main.java:1410)
	at org.eclipse.equinox.launcher.Main.main(Main.java:1386)
2013-03-25 23:51:26,349 1328767 [           main] WARN  pl.SessionFactoryObjectFactory  - Could not unbind factory from JNDI
javax.naming.NoInitialContextException: Need to specify class name in environment or system property, or as an applet parameter, or in an application resource file:  java.naming.factory.initial
	at javax.naming.spi.NamingManager.getInitialContext(Unknown Source)
	at javax.naming.InitialContext.getDefaultInitCtx(Unknown Source)
	at javax.naming.InitialContext.getURLOrDefaultInitCtx(Unknown Source)
	at javax.naming.InitialContext.unbind(Unknown Source)
	at org.hibernate.impl.SessionFactoryObjectFactory.removeInstance(SessionFactoryObjectFactory.java:139)
	at org.hibernate.impl.SessionFactoryImpl.close(SessionFactoryImpl.java:981)
	at org.hibernate.console.ConsoleConfiguration.closeSessionFactory(ConsoleConfiguration.java:417)
	at org.hibernate.console.ConsoleConfiguration.reset(ConsoleConfiguration.java:130)
	at org.hibernate.eclipse.console.views.ReloadConfigurationAction.doRun(ReloadConfigurationAction.java:34)
	at org.hibernate.eclipse.console.actions.ConsoleConfigurationBasedAction.run(ConsoleConfigurationBasedAction.java:65)
	at org.eclipse.ui.actions.BaseSelectionListenerAction.runWithEvent(BaseSelectionListenerAction.java:168)
	at org.eclipse.jface.action.ActionContributionItem.handleWidgetSelection(ActionContributionItem.java:584)
	at org.eclipse.jface.action.ActionContributionItem.access$2(ActionContributionItem.java:501)
	at org.eclipse.jface.action.ActionContributionItem$6.handleEvent(ActionContributionItem.java:452)
	at org.eclipse.swt.widgets.EventTable.sendEvent(EventTable.java:84)
	at org.eclipse.swt.widgets.Widget.sendEvent(Widget.java:1053)
	at org.eclipse.swt.widgets.Display.runDeferredEvents(Display.java:4165)
	at org.eclipse.swt.widgets.Display.readAndDispatch(Display.java:3754)
	at org.eclipse.ui.internal.Workbench.runEventLoop(Workbench.java:2701)
	at org.eclipse.ui.internal.Workbench.runUI(Workbench.java:2665)
	at org.eclipse.ui.internal.Workbench.access$4(Workbench.java:2499)
	at org.eclipse.ui.internal.Workbench$7.run(Workbench.java:679)
	at org.eclipse.core.databinding.observable.Realm.runWithDefault(Realm.java:332)
	at org.eclipse.ui.internal.Workbench.createAndRunWorkbench(Workbench.java:668)
	at org.eclipse.ui.PlatformUI.createAndRunWorkbench(PlatformUI.java:149)
	at org.eclipse.ui.internal.ide.application.IDEApplication.start(IDEApplication.java:123)
	at org.eclipse.equinox.internal.app.EclipseAppHandle.run(EclipseAppHandle.java:196)
	at org.eclipse.core.runtime.internal.adaptor.EclipseAppLauncher.runApplication(EclipseAppLauncher.java:110)
	at org.eclipse.core.runtime.internal.adaptor.EclipseAppLauncher.start(EclipseAppLauncher.java:79)
	at org.eclipse.core.runtime.adaptor.EclipseStarter.run(EclipseStarter.java:344)
	at org.eclipse.core.runtime.adaptor.EclipseStarter.run(EclipseStarter.java:179)
	at sun.reflect.NativeMethodAccessorImpl.invoke0(Native Method)
	at sun.reflect.NativeMethodAccessorImpl.invoke(Unknown Source)
	at sun.reflect.DelegatingMethodAccessorImpl.invoke(Unknown Source)
	at java.lang.reflect.Method.invoke(Unknown Source)
	at org.eclipse.equinox.launcher.Main.invokeFramework(Main.java:622)
	at org.eclipse.equinox.launcher.Main.basicRun(Main.java:577)
	at org.eclipse.equinox.launcher.Main.run(Main.java:1410)
	at org.eclipse.equinox.launcher.Main.main(Main.java:1386)
2013-03-25 23:51:38,473 1340891 [      Worker-28] WARN  pl.SessionFactoryObjectFactory  - Could not bind factory to JNDI
javax.naming.NoInitialContextException: Need to specify class name in environment or system property, or as an applet parameter, or in an application resource file:  java.naming.factory.initial
	at javax.naming.spi.NamingManager.getInitialContext(Unknown Source)
	at javax.naming.InitialContext.getDefaultInitCtx(Unknown Source)
	at javax.naming.InitialContext.getURLOrDefaultInitCtx(Unknown Source)
	at javax.naming.InitialContext.getNameParser(Unknown Source)
	at org.hibernate.util.NamingHelper.bind(NamingHelper.java:75)
	at org.hibernate.impl.SessionFactoryObjectFactory.addInstance(SessionFactoryObjectFactory.java:113)
	at org.hibernate.impl.SessionFactoryImpl.<init>(SessionFactoryImpl.java:378)
	at org.hibernate.cfg.Configuration.buildSessionFactory(Configuration.java:1385)
	at org.hibernate.console.ConsoleConfiguration$5.execute(ConsoleConfiguration.java:278)
	at org.hibernate.console.execution.DefaultExecutionContext.execute(DefaultExecutionContext.java:63)
	at org.hibernate.console.ConsoleConfiguration.execute(ConsoleConfiguration.java:107)
	at org.hibernate.console.ConsoleConfiguration.buildSessionFactory(ConsoleConfiguration.java:273)
	at org.hibernate.eclipse.console.workbench.LazySessionFactoryAdapter.getChildren(LazySessionFactoryAdapter.java:43)
	at org.hibernate.eclipse.console.workbench.BasicWorkbenchAdapter.getChildren(BasicWorkbenchAdapter.java:100)
	at org.hibernate.eclipse.console.workbench.BasicWorkbenchAdapter.fetchDeferredChildren(BasicWorkbenchAdapter.java:106)
	at org.eclipse.ui.progress.DeferredTreeContentManager$1.run(DeferredTreeContentManager.java:235)
	at org.eclipse.core.internal.jobs.Worker.run(Worker.java:54)
2013-03-25 23:51:38,571 1340989 [      Worker-28] WARN  pl.SessionFactoryObjectFactory  - Could not bind factory to JNDI
javax.naming.NoInitialContextException: Need to specify class name in environment or system property, or as an applet parameter, or in an application resource file:  java.naming.factory.initial
	at javax.naming.spi.NamingManager.getInitialContext(Unknown Source)
	at javax.naming.InitialContext.getDefaultInitCtx(Unknown Source)
	at javax.naming.InitialContext.getURLOrDefaultInitCtx(Unknown Source)
	at javax.naming.InitialContext.getNameParser(Unknown Source)
	at org.hibernate.util.NamingHelper.bind(NamingHelper.java:75)
	at org.hibernate.impl.SessionFactoryObjectFactory.addInstance(SessionFactoryObjectFactory.java:113)
	at org.hibernate.impl.SessionFactoryImpl.<init>(SessionFactoryImpl.java:378)
	at org.hibernate.cfg.Configuration.buildSessionFactory(Configuration.java:1385)
	at org.jboss.tools.hibernate3_5.HibernateExtension3_5$3.execute(HibernateExtension3_5.java:112)
	at org.hibernate.console.execution.DefaultExecutionContext.execute(DefaultExecutionContext.java:63)
	at org.jboss.tools.hibernate3_5.HibernateExtension3_5.execute(HibernateExtension3_5.java:199)
	at org.jboss.tools.hibernate3_5.HibernateExtension3_5.buildSessionFactory(HibernateExtension3_5.java:107)
	at org.hibernate.console.ConsoleConfiguration.buildSessionFactory(ConsoleConfiguration.java:283)
	at org.hibernate.eclipse.console.workbench.LazySessionFactoryAdapter.getChildren(LazySessionFactoryAdapter.java:43)
	at org.hibernate.eclipse.console.workbench.BasicWorkbenchAdapter.getChildren(BasicWorkbenchAdapter.java:100)
	at org.hibernate.eclipse.console.workbench.BasicWorkbenchAdapter.fetchDeferredChildren(BasicWorkbenchAdapter.java:106)
	at org.eclipse.ui.progress.DeferredTreeContentManager$1.run(DeferredTreeContentManager.java:235)
	at org.eclipse.core.internal.jobs.Worker.run(Worker.java:54)
